2016-04-05 03:35:32.430+0000 INFO  [o.n.k.i.f.CommunityFacadeFactory] No locking implementation specified, defaulting to 'community'
2016-04-05 03:35:32.786+0000 INFO  [o.n.k.AvailabilityGuard] Requirement makes database unavailable: Database available
2016-04-05 03:35:32.793+0000 INFO  [o.n.k.i.DiagnosticsManager] --- INITIALIZED diagnostics START ---
2016-04-05 03:35:32.804+0000 INFO  [o.n.k.i.DiagnosticsManager] Neo4j Kernel properties:
2016-04-05 03:35:32.805+0000 INFO  [o.n.k.i.DiagnosticsManager] org.neo4j.server.db.tuning.properties=C:\Users\Julio\Documents\Neo4j\default.graphdb\neo4j.properties
2016-04-05 03:35:32.805+0000 INFO  [o.n.k.i.DiagnosticsManager] org.neo4j.server.database.location=C:\Users\Julio\Documents\Neo4j\default.graphdb
2016-04-05 03:35:32.805+0000 INFO  [o.n.k.i.DiagnosticsManager] dbms.querylog.filename=data/log/queries.log
2016-04-05 03:35:32.805+0000 INFO  [o.n.k.i.DiagnosticsManager] dbms.security.auth_store.location=C:\Users\Julio\Documents\Neo4j\default.graphdb\.\dbms\auth
2016-04-05 03:35:32.805+0000 INFO  [o.n.k.i.DiagnosticsManager] dbms.security.tls_certificate_file=C:\Users\Julio\Documents\Neo4j\default.graphdb\.\dbms\ssl\snakeoil.cert
2016-04-05 03:35:32.805+0000 INFO  [o.n.k.i.DiagnosticsManager] remote_shell_enabled=true
2016-04-05 03:35:32.805+0000 INFO  [o.n.k.i.DiagnosticsManager] edition=Community
2016-04-05 03:35:32.805+0000 INFO  [o.n.k.i.DiagnosticsManager] dbms.security.tls_key_file=C:\Users\Julio\Documents\Neo4j\default.graphdb\.\dbms\ssl\snakeoil.key
2016-04-05 03:35:32.805+0000 INFO  [o.n.k.i.DiagnosticsManager] Diagnostics providers:
2016-04-05 03:35:32.805+0000 INFO  [o.n.k.i.DiagnosticsManager] org.neo4j.kernel.configuration.Config
2016-04-05 03:35:32.805+0000 INFO  [o.n.k.i.DiagnosticsManager] org.neo4j.kernel.info.DiagnosticsManager
2016-04-05 03:35:32.805+0000 INFO  [o.n.k.i.DiagnosticsManager] SYSTEM_MEMORY
2016-04-05 03:35:32.805+0000 INFO  [o.n.k.i.DiagnosticsManager] JAVA_MEMORY
2016-04-05 03:35:32.805+0000 INFO  [o.n.k.i.DiagnosticsManager] OPERATING_SYSTEM
2016-04-05 03:35:32.806+0000 INFO  [o.n.k.i.DiagnosticsManager] JAVA_VIRTUAL_MACHINE
2016-04-05 03:35:32.806+0000 INFO  [o.n.k.i.DiagnosticsManager] CLASSPATH
2016-04-05 03:35:32.806+0000 INFO  [o.n.k.i.DiagnosticsManager] LIBRARY_PATH
2016-04-05 03:35:32.806+0000 INFO  [o.n.k.i.DiagnosticsManager] SYSTEM_PROPERTIES
2016-04-05 03:35:32.806+0000 INFO  [o.n.k.i.DiagnosticsManager] NETWORK
2016-04-05 03:35:32.806+0000 INFO  [o.n.k.i.DiagnosticsManager] System memory information:
2016-04-05 03:35:32.831+0000 INFO  [o.n.k.i.DiagnosticsManager] Total Physical memory: 4,00 GB
2016-04-05 03:35:32.832+0000 INFO  [o.n.k.i.DiagnosticsManager] Free Physical memory: 4,00 GB
2016-04-05 03:35:32.832+0000 INFO  [o.n.k.i.DiagnosticsManager] Committed virtual memory: 118,22 MB
2016-04-05 03:35:32.832+0000 INFO  [o.n.k.i.DiagnosticsManager] Total swap space: 4,00 GB
2016-04-05 03:35:32.832+0000 INFO  [o.n.k.i.DiagnosticsManager] Free swap space: 4,00 GB
2016-04-05 03:35:32.832+0000 INFO  [o.n.k.i.DiagnosticsManager] JVM memory information:
2016-04-05 03:35:32.832+0000 INFO  [o.n.k.i.DiagnosticsManager] Free  memory: 30,59 MB
2016-04-05 03:35:32.832+0000 INFO  [o.n.k.i.DiagnosticsManager] Total memory: 55,43 MB
2016-04-05 03:35:32.832+0000 INFO  [o.n.k.i.DiagnosticsManager] Max   memory: 247,50 MB
2016-04-05 03:35:32.890+0000 INFO  [o.n.k.i.DiagnosticsManager] Garbage Collector: Copy: [Eden Space, Survivor Space]
2016-04-05 03:35:32.891+0000 INFO  [o.n.k.i.DiagnosticsManager] Garbage Collector: MarkSweepCompact: [Eden Space, Survivor Space, Tenured Gen, Perm Gen, Perm Gen [shared-ro], Perm Gen [shared-rw]]
2016-04-05 03:35:32.892+0000 INFO  [o.n.k.i.DiagnosticsManager] Memory Pool: Code Cache (Non-heap memory): committed=1,38 MB, used=1,35 MB, max=32,00 MB, threshold=0,00 B
2016-04-05 03:35:32.892+0000 INFO  [o.n.k.i.DiagnosticsManager] Memory Pool: Eden Space (Heap memory): committed=15,38 MB, used=2,00 MB, max=68,31 MB, threshold=?
2016-04-05 03:35:32.893+0000 INFO  [o.n.k.i.DiagnosticsManager] Memory Pool: Survivor Space (Heap memory): committed=1,88 MB, used=0,00 B, max=8,50 MB, threshold=?
2016-04-05 03:35:32.894+0000 INFO  [o.n.k.i.DiagnosticsManager] Memory Pool: Tenured Gen (Heap memory): committed=38,18 MB, used=22,91 MB, max=170,69 MB, threshold=0,00 B
2016-04-05 03:35:32.894+0000 INFO  [o.n.k.i.DiagnosticsManager] Memory Pool: Perm Gen (Non-heap memory): committed=12,00 MB, used=5,74 MB, max=64,00 MB, threshold=0,00 B
2016-04-05 03:35:32.895+0000 INFO  [o.n.k.i.DiagnosticsManager] Memory Pool: Perm Gen [shared-ro] (Non-heap memory): committed=10,00 MB, used=4,22 MB, max=10,00 MB, threshold=0,00 B
2016-04-05 03:35:32.896+0000 INFO  [o.n.k.i.DiagnosticsManager] Memory Pool: Perm Gen [shared-rw] (Non-heap memory): committed=12,00 MB, used=6,26 MB, max=12,00 MB, threshold=0,00 B
2016-04-05 03:35:32.896+0000 INFO  [o.n.k.i.DiagnosticsManager] Operating system information:
2016-04-05 03:35:32.896+0000 INFO  [o.n.k.i.DiagnosticsManager] Operating System: Windows 7; version: 6.1; arch: x86; cpus: 4
2016-04-05 03:35:32.925+0000 INFO  [o.n.k.i.DiagnosticsManager] Process id: 1952@Julio-PC
2016-04-05 03:35:32.925+0000 INFO  [o.n.k.i.DiagnosticsManager] Byte order: LITTLE_ENDIAN
2016-04-05 03:35:32.926+0000 INFO  [o.n.k.i.DiagnosticsManager] Local timezone: America/Sao_Paulo
2016-04-05 03:35:32.926+0000 INFO  [o.n.k.i.DiagnosticsManager] JVM information:
2016-04-05 03:35:32.926+0000 INFO  [o.n.k.i.DiagnosticsManager] VM Name: Java HotSpot(TM) Client VM
2016-04-05 03:35:32.926+0000 INFO  [o.n.k.i.DiagnosticsManager] VM Vendor: Oracle Corporation
2016-04-05 03:35:32.926+0000 INFO  [o.n.k.i.DiagnosticsManager] VM Version: 24.80-b11
2016-04-05 03:35:32.927+0000 INFO  [o.n.k.i.DiagnosticsManager] JIT compiler: HotSpot Client Compiler
2016-04-05 03:35:32.928+0000 INFO  [o.n.k.i.DiagnosticsManager] VM Arguments: [-Dexe4j.semaphoreName=Local\c:_program_files_(x86)_neo4j_ce_2.3.3_bin_neo4j-ce.exe, -Dexe4j.isInstall4j=true, -Dexe4j.moduleName=C:\Program Files (x86)\Neo4j CE 2.3.3\bin\neo4j-ce.exe, -Dexe4j.tempDir=, -Dexe4j.unextractedPosition=0, -Djava.library.path=C:\ProgramData\Oracle\Java\javapath;C:\Program Files\Common Files\Microsoft Shared\Windows Live;C:\Program Files (x86)\Common Files\Microsoft Shared\Windows Live;C:\Program Files (x86)\Common Files\Intel\Shared Files\cpp\bin\Intel64;C:\Windows\system32;C:\Windows;C:\Windows\System32\Wbem;C:\Windows\System32\WindowsPowerShell\v1.0\;C:\Program Files (x86)\Windows Live\Shared;C:\Program Files\MATLAB\R2013a\runtime\win64;C:\Program Files\MATLAB\R2013a\bin;C:\Program Files\MATLAB\MATLAB Compiler Runtime\v81\runtime\win64;C:\Program Files\Microsoft Windows Performance Toolkit\;C:\PROGRA~2\PICC;C:\Program Files (x86)\NVIDIA Corporation\PhysX\Common;C:\Program Files (x86)\CodeBlocks\MinGW\bin;c:\program files (x86)\neo4j ce 2.3.3\jre\bin, -Dexe4j.consoleCodepage=cp0, -Dinstall4j.launcherId=24, -Dinstall4j.swt=false]
2016-04-05 03:35:32.928+0000 INFO  [o.n.k.i.DiagnosticsManager] Java classpath:
2016-04-05 03:35:32.934+0000 INFO  [o.n.k.i.DiagnosticsManager]  [bootstrap] C:\Program Files (x86)\Neo4j CE 2.3.3\jre\lib\jce.jar
2016-04-05 03:35:32.934+0000 INFO  [o.n.k.i.DiagnosticsManager]  [bootstrap] C:\Program Files (x86)\Neo4j CE 2.3.3\jre\lib\charsets.jar
2016-04-05 03:35:32.934+0000 INFO  [o.n.k.i.DiagnosticsManager]  [loader.0] file:/C:/Program%20Files%20(x86)/Neo4j%20CE%202.3.3/bin/neo4j-desktop-2.3.3.jar
2016-04-05 03:35:32.934+0000 INFO  [o.n.k.i.DiagnosticsManager]  [loader.1] file:/C:/Program%20Files%20(x86)/Neo4j%20CE%202.3.3/jre/lib/ext/jaccess.jar
2016-04-05 03:35:32.934+0000 INFO  [o.n.k.i.DiagnosticsManager]  [loader.1] file:/C:/Program%20Files%20(x86)/Neo4j%20CE%202.3.3/jre/lib/ext/localedata.jar
2016-04-05 03:35:32.934+0000 INFO  [o.n.k.i.DiagnosticsManager]  [loader.1] file:/C:/Program%20Files%20(x86)/Neo4j%20CE%202.3.3/jre/lib/ext/access-bridge.jar
2016-04-05 03:35:32.935+0000 INFO  [o.n.k.i.DiagnosticsManager]  [bootstrap] C:\Program Files (x86)\Neo4j CE 2.3.3\jre\lib\jfr.jar
2016-04-05 03:35:32.935+0000 INFO  [o.n.k.i.DiagnosticsManager]  [classpath] C:\Program Files (x86)\Neo4j CE 2.3.3\.install4j\i4jruntime.jar
2016-04-05 03:35:32.935+0000 INFO  [o.n.k.i.DiagnosticsManager]  [bootstrap] C:\Program Files (x86)\Neo4j CE 2.3.3\jre\lib\sunrsasign.jar
2016-04-05 03:35:32.935+0000 INFO  [o.n.k.i.DiagnosticsManager]  [loader.1] file:/C:/Program%20Files%20(x86)/Neo4j%20CE%202.3.3/jre/lib/ext/sunmscapi.jar
2016-04-05 03:35:32.935+0000 INFO  [o.n.k.i.DiagnosticsManager]  [loader.0] file:/C:/Program%20Files%20(x86)/Neo4j%20CE%202.3.3/.install4j/i4jruntime.jar
2016-04-05 03:35:32.935+0000 INFO  [o.n.k.i.DiagnosticsManager]  [bootstrap] C:\Program Files (x86)\Neo4j CE 2.3.3\jre\lib\rt.jar
2016-04-05 03:35:32.935+0000 INFO  [o.n.k.i.DiagnosticsManager]  [loader.1] file:/C:/Program%20Files%20(x86)/Neo4j%20CE%202.3.3/jre/lib/ext/zipfs.jar
2016-04-05 03:35:32.935+0000 INFO  [o.n.k.i.DiagnosticsManager]  [loader.0] file:/C:/Program%20Files%20(x86)/Neo4j%20CE%202.3.3/bin/
2016-04-05 03:35:32.935+0000 INFO  [o.n.k.i.DiagnosticsManager]  [loader.1] file:/C:/Program%20Files%20(x86)/Neo4j%20CE%202.3.3/jre/lib/ext/sunec.jar
2016-04-05 03:35:32.935+0000 INFO  [o.n.k.i.DiagnosticsManager]  [loader.1] file:/C:/Program%20Files%20(x86)/Neo4j%20CE%202.3.3/jre/lib/ext/access-bridge-32.jar
2016-04-05 03:35:32.935+0000 INFO  [o.n.k.i.DiagnosticsManager]  [classpath] C:\Program Files (x86)\Neo4j CE 2.3.3\bin\neo4j-desktop-2.3.3.jar
2016-04-05 03:35:32.935+0000 INFO  [o.n.k.i.DiagnosticsManager]  [loader.1] file:/C:/Program%20Files%20(x86)/Neo4j%20CE%202.3.3/jre/lib/ext/sunpkcs11.jar
2016-04-05 03:35:32.935+0000 INFO  [o.n.k.i.DiagnosticsManager]  [loader.1] file:/C:/Program%20Files%20(x86)/Neo4j%20CE%202.3.3/jre/lib/ext/dnsns.jar
2016-04-05 03:35:32.936+0000 INFO  [o.n.k.i.DiagnosticsManager]  [bootstrap] C:\Program Files (x86)\Neo4j CE 2.3.3\jre\classes
2016-04-05 03:35:32.936+0000 INFO  [o.n.k.i.DiagnosticsManager]  [loader.1] file:/C:/Program%20Files%20(x86)/Neo4j%20CE%202.3.3/jre/lib/ext/sunjce_provider.jar
2016-04-05 03:35:32.936+0000 INFO  [o.n.k.i.DiagnosticsManager]  [bootstrap] C:\Program Files (x86)\Neo4j CE 2.3.3\jre\lib\jsse.jar
2016-04-05 03:35:32.936+0000 INFO  [o.n.k.i.DiagnosticsManager]  [bootstrap] C:\Program Files (x86)\Neo4j CE 2.3.3\jre\lib\resources.jar
2016-04-05 03:35:32.936+0000 INFO  [o.n.k.i.DiagnosticsManager] Library path:
2016-04-05 03:35:32.937+0000 INFO  [o.n.k.i.DiagnosticsManager] C:\ProgramData\Oracle\Java\javapath
2016-04-05 03:35:32.937+0000 INFO  [o.n.k.i.DiagnosticsManager] C:\Program Files\Common Files\Microsoft Shared\Windows Live
2016-04-05 03:35:32.938+0000 INFO  [o.n.k.i.DiagnosticsManager] C:\Program Files (x86)\Common Files\microsoft shared\Windows Live
2016-04-05 03:35:32.939+0000 INFO  [o.n.k.i.DiagnosticsManager] C:\Program Files (x86)\Common Files\Intel\Shared Files\cpp\Bin\Intel64
2016-04-05 03:35:32.940+0000 INFO  [o.n.k.i.DiagnosticsManager] C:\Windows\System32
2016-04-05 03:35:32.940+0000 INFO  [o.n.k.i.DiagnosticsManager] C:\Windows
2016-04-05 03:35:32.941+0000 INFO  [o.n.k.i.DiagnosticsManager] C:\Windows\System32\wbem
2016-04-05 03:35:32.942+0000 INFO  [o.n.k.i.DiagnosticsManager] C:\Windows\System32\WindowsPowerShell\v1.0
2016-04-05 03:35:32.942+0000 INFO  [o.n.k.i.DiagnosticsManager] C:\Program Files (x86)\Windows Live\Shared
2016-04-05 03:35:32.943+0000 INFO  [o.n.k.i.DiagnosticsManager] C:\Program Files\MATLAB\R2013a\runtime\win64
2016-04-05 03:35:32.944+0000 INFO  [o.n.k.i.DiagnosticsManager] C:\Program Files\MATLAB\R2013a\bin
2016-04-05 03:35:32.945+0000 INFO  [o.n.k.i.DiagnosticsManager] C:\Program Files\MATLAB\MATLAB Compiler Runtime\v81\runtime\win64
2016-04-05 03:35:32.945+0000 INFO  [o.n.k.i.DiagnosticsManager] C:\Program Files\Microsoft Windows Performance Toolkit
2016-04-05 03:35:32.946+0000 INFO  [o.n.k.i.DiagnosticsManager] C:\Program Files (x86)\PICC
2016-04-05 03:35:32.947+0000 INFO  [o.n.k.i.DiagnosticsManager] C:\Program Files (x86)\NVIDIA Corporation\PhysX\Common
2016-04-05 03:35:32.947+0000 INFO  [o.n.k.i.DiagnosticsManager] C:\Program Files (x86)\CodeBlocks\MinGW\bin
2016-04-05 03:35:32.948+0000 INFO  [o.n.k.i.DiagnosticsManager] C:\Program Files (x86)\Neo4j CE 2.3.3\jre\bin
2016-04-05 03:35:32.948+0000 INFO  [o.n.k.i.DiagnosticsManager] System.properties:
2016-04-05 03:35:32.948+0000 INFO  [o.n.k.i.DiagnosticsManager] exe4j.moduleName = C:\Program Files (x86)\Neo4j CE 2.3.3\bin\neo4j-ce.exe
2016-04-05 03:35:32.948+0000 INFO  [o.n.k.i.DiagnosticsManager] exe4j.semaphoreName = Local\c:_program_files_(x86)_neo4j_ce_2.3.3_bin_neo4j-ce.exe
2016-04-05 03:35:32.948+0000 INFO  [o.n.k.i.DiagnosticsManager] sun.boot.library.path = c:\program files (x86)\neo4j ce 2.3.3\jre\bin
2016-04-05 03:35:32.949+0000 INFO  [o.n.k.i.DiagnosticsManager] exe4j.consoleCodepage = cp0
2016-04-05 03:35:32.949+0000 INFO  [o.n.k.i.DiagnosticsManager] path.separator = ;
2016-04-05 03:35:32.949+0000 INFO  [o.n.k.i.DiagnosticsManager] file.encoding.pkg = sun.io
2016-04-05 03:35:32.949+0000 INFO  [o.n.k.i.DiagnosticsManager] user.country = BR
2016-04-05 03:35:32.949+0000 INFO  [o.n.k.i.DiagnosticsManager] user.script = 
2016-04-05 03:35:32.949+0000 INFO  [o.n.k.i.DiagnosticsManager] sun.os.patch.level = 
2016-04-05 03:35:32.949+0000 INFO  [o.n.k.i.DiagnosticsManager] install4j.exeDir = C:\Program Files (x86)\Neo4j CE 2.3.3\bin\
2016-04-05 03:35:32.949+0000 INFO  [o.n.k.i.DiagnosticsManager] user.dir = C:\Program Files (x86)\Neo4j CE 2.3.3\bin
2016-04-05 03:35:32.949+0000 INFO  [o.n.k.i.DiagnosticsManager] neo4j.ext.udc.source = desktop
2016-04-05 03:35:32.949+0000 INFO  [o.n.k.i.DiagnosticsManager] user.variant = 
2016-04-05 03:35:32.949+0000 INFO  [o.n.k.i.DiagnosticsManager] exe4j.tempDir = 
2016-04-05 03:35:32.949+0000 INFO  [o.n.k.i.DiagnosticsManager] sun.jnu.encoding = Cp1252
2016-04-05 03:35:32.949+0000 INFO  [o.n.k.i.DiagnosticsManager] sun.awt.enableExtraMouseButtons = true
2016-04-05 03:35:32.949+0000 INFO  [o.n.k.i.DiagnosticsManager] install4j.launcherId = 24
2016-04-05 03:35:32.950+0000 INFO  [o.n.k.i.DiagnosticsManager] sun.management.compiler = HotSpot Client Compiler
2016-04-05 03:35:32.950+0000 INFO  [o.n.k.i.DiagnosticsManager] exe4j.isInstall4j = true
2016-04-05 03:35:32.950+0000 INFO  [o.n.k.i.DiagnosticsManager] install4j.swt = false
2016-04-05 03:35:32.950+0000 INFO  [o.n.k.i.DiagnosticsManager] user.home = C:\Users\Julio
2016-04-05 03:35:32.950+0000 INFO  [o.n.k.i.DiagnosticsManager] user.timezone = America/Sao_Paulo
2016-04-05 03:35:32.950+0000 INFO  [o.n.k.i.DiagnosticsManager] file.encoding = Cp1252
2016-04-05 03:35:32.950+0000 INFO  [o.n.k.i.DiagnosticsManager] user.name = Julio
2016-04-05 03:35:32.950+0000 INFO  [o.n.k.i.DiagnosticsManager] sun.java.command = C:\Program Files (x86)\Neo4j CE 2.3.3\bin\neo4j-ce.exe
2016-04-05 03:35:32.950+0000 INFO  [o.n.k.i.DiagnosticsManager] sun.arch.data.model = 32
2016-04-05 03:35:32.950+0000 INFO  [o.n.k.i.DiagnosticsManager] exe4j.launchName = C:\Program Files (x86)\Neo4j CE 2.3.3\bin\neo4j-ce.exe
2016-04-05 03:35:32.950+0000 INFO  [o.n.k.i.DiagnosticsManager] user.language = pt
2016-04-05 03:35:32.950+0000 INFO  [o.n.k.i.DiagnosticsManager] awt.toolkit = sun.awt.windows.WToolkit
2016-04-05 03:35:32.950+0000 INFO  [o.n.k.i.DiagnosticsManager] exe4j.unextractedPosition = 0
2016-04-05 03:35:32.950+0000 INFO  [o.n.k.i.DiagnosticsManager] install4j.appDir = C:\Program Files (x86)\Neo4j CE 2.3.3\
2016-04-05 03:35:32.950+0000 INFO  [o.n.k.i.DiagnosticsManager] file.separator = \
2016-04-05 03:35:32.951+0000 INFO  [o.n.k.i.DiagnosticsManager] sun.io.unicode.encoding = UnicodeLittle
2016-04-05 03:35:32.951+0000 INFO  [o.n.k.i.DiagnosticsManager] sun.cpu.endian = little
2016-04-05 03:35:32.951+0000 INFO  [o.n.k.i.DiagnosticsManager] sun.desktop = windows
2016-04-05 03:35:32.951+0000 INFO  [o.n.k.i.DiagnosticsManager] sun.cpu.isalist = pentium_pro+mmx pentium_pro pentium+mmx pentium i486 i386 i86
2016-04-05 03:35:32.951+0000 INFO  [o.n.k.i.DiagnosticsManager] Network information:
2016-04-05 03:35:33.025+0000 INFO  [o.n.k.i.DiagnosticsManager] Interface Software Loopback Interface 1:
2016-04-05 03:35:33.026+0000 INFO  [o.n.k.i.DiagnosticsManager]     address: 127.0.0.1
2016-04-05 03:35:33.026+0000 INFO  [o.n.k.i.DiagnosticsManager]     address: 0:0:0:0:0:0:0:1
2016-04-05 03:35:33.026+0000 INFO  [o.n.k.i.DiagnosticsManager] Interface WAN Miniport (SSTP):
2016-04-05 03:35:33.026+0000 INFO  [o.n.k.i.DiagnosticsManager] Interface WAN Miniport (IKEv2):
2016-04-05 03:35:33.026+0000 INFO  [o.n.k.i.DiagnosticsManager] Interface WAN Miniport (L2TP):
2016-04-05 03:35:33.026+0000 INFO  [o.n.k.i.DiagnosticsManager] Interface WAN Miniport (PPTP):
2016-04-05 03:35:33.026+0000 INFO  [o.n.k.i.DiagnosticsManager] Interface WAN Miniport (PPPOE):
2016-04-05 03:35:33.026+0000 INFO  [o.n.k.i.DiagnosticsManager] Interface WAN Miniport (IPv6):
2016-04-05 03:35:33.026+0000 INFO  [o.n.k.i.DiagnosticsManager] Interface WAN Miniport (Network Monitor):
2016-04-05 03:35:33.026+0000 INFO  [o.n.k.i.DiagnosticsManager] Interface WAN Miniport (IP):
2016-04-05 03:35:33.026+0000 INFO  [o.n.k.i.DiagnosticsManager] Interface RAS Async Adapter:
2016-04-05 03:35:33.026+0000 INFO  [o.n.k.i.DiagnosticsManager] Interface Realtek PCIe GBE Family Controller:
2016-04-05 03:35:33.026+0000 INFO  [o.n.k.i.DiagnosticsManager]     address: fe80:0:0:0:d0a5:acf5:4f0a:e1c4%11
2016-04-05 03:35:33.027+0000 INFO  [o.n.k.i.DiagnosticsManager] Interface Adaptador do Microsoft ISATAP:
2016-04-05 03:35:33.027+0000 INFO  [o.n.k.i.DiagnosticsManager] Interface Teredo Tunneling Pseudo-Interface:
2016-04-05 03:35:33.027+0000 INFO  [o.n.k.i.DiagnosticsManager]     address: fe80:0:0:0:0:100:7f:fffe%13
2016-04-05 03:35:33.027+0000 INFO  [o.n.k.i.DiagnosticsManager] Interface VirtualBox Host-Only Ethernet Adapter:
2016-04-05 03:35:33.027+0000 INFO  [o.n.k.i.DiagnosticsManager] Interface Realtek PCIe GBE Family Controller - VirtualBox Bridged Networking Driver Miniport:
2016-04-05 03:35:33.027+0000 INFO  [o.n.k.i.DiagnosticsManager] Interface Adaptador do Microsoft ISATAP #2:
2016-04-05 03:35:33.027+0000 INFO  [o.n.k.i.DiagnosticsManager] Interface VirtualBox Host-Only Ethernet Adapter - Virtual Machine Network Services Driver:
2016-04-05 03:35:33.027+0000 INFO  [o.n.k.i.DiagnosticsManager] Interface Realtek PCIe GBE Family Controller - Virtual Machine Network Services Driver:
2016-04-05 03:35:33.027+0000 INFO  [o.n.k.i.DiagnosticsManager] Interface Dispositivo Bluetooth (TDI de Protocolo RFCOMM):
2016-04-05 03:35:33.027+0000 INFO  [o.n.k.i.DiagnosticsManager] Interface Dispositivo Bluetooth (Rede Pessoal):
2016-04-05 03:35:33.027+0000 INFO  [o.n.k.i.DiagnosticsManager] Interface Dispositivo Bluetooth (TDI de Protocolo RFCOMM) #2:
2016-04-05 03:35:33.027+0000 INFO  [o.n.k.i.DiagnosticsManager] Interface Dispositivo Bluetooth (Rede Pessoal) #2:
2016-04-05 03:35:33.027+0000 INFO  [o.n.k.i.DiagnosticsManager] Interface SAMSUNG Mobile USB Remote NDIS Network Device:
2016-04-05 03:35:33.027+0000 INFO  [o.n.k.i.DiagnosticsManager] Interface SAMSUNG Mobile USB Remote NDIS Network Device - VirtualBox Bridged Networking Driver Miniport:
2016-04-05 03:35:33.027+0000 INFO  [o.n.k.i.DiagnosticsManager] Interface SAMSUNG Mobile USB Remote NDIS Network Device - Virtual Machine Network Services Driver:
2016-04-05 03:35:33.027+0000 INFO  [o.n.k.i.DiagnosticsManager] Interface WAN Miniport (Network Monitor)-QoS Packet Scheduler-0000:
2016-04-05 03:35:33.027+0000 INFO  [o.n.k.i.DiagnosticsManager] Interface WAN Miniport (IP)-QoS Packet Scheduler-0000:
2016-04-05 03:35:33.027+0000 INFO  [o.n.k.i.DiagnosticsManager] Interface WAN Miniport (IPv6)-QoS Packet Scheduler-0000:
2016-04-05 03:35:33.028+0000 INFO  [o.n.k.i.DiagnosticsManager] Interface Realtek PCIe GBE Family Controller - Virtual Machine Network Services Driver-QoS Packet Scheduler-0000:
2016-04-05 03:35:33.028+0000 INFO  [o.n.k.i.DiagnosticsManager] Interface Realtek PCIe GBE Family Controller - Virtual Machine Network Services Driver-WFP LightWeight Filter-0000:
2016-04-05 03:35:33.028+0000 INFO  [o.n.k.i.DiagnosticsManager] --- INITIALIZED diagnostics END ---
2016-04-05 03:35:36.056+0000 INFO  [o.n.k.a.i.i.LuceneLabelScanStore] No lucene scan store index found, this might just be first use. Preparing to rebuild.
2016-04-05 03:35:36.272+0000 INFO  [o.n.k.NeoStoreDataSource] Opened logical log [C:\Users\Julio\Documents\Neo4j\default.graphdb\neostore.transaction.db.0] version=0, lastTxId=1 (clean)
2016-04-05 03:35:36.282+0000 WARN  [o.n.k.i.s.MetaDataStore] Missing counts store, rebuilding it.
2016-04-05 03:35:36.463+0000 INFO  [o.n.k.a.i.i.LuceneLabelScanStore] Rebuilding lucene scan store, this may take a while
2016-04-05 03:35:36.466+0000 INFO  [o.n.k.a.i.i.LuceneLabelScanStore] Lucene scan store rebuilt (roughly -1 nodes)
2016-04-05 03:35:36.487+0000 INFO  [o.n.k.KernelHealth] Kernel health set to OK
2016-04-05 03:35:38.746+0000 INFO  [o.n.k.AvailabilityGuard] Fulfilling of requirement makes database available: Database available
2016-04-05 03:35:38.746+0000 INFO  [o.n.k.i.f.CommunityFacadeFactory] Database is now ready
2016-04-05 03:35:38.747+0000 INFO  [o.n.k.i.DiagnosticsManager] --- STARTED diagnostics for KernelDiagnostics:Versions START ---
2016-04-05 03:35:38.748+0000 INFO  [o.n.k.i.DiagnosticsManager] Graph Database: Community StoreId{creationTime=1459827335580, randomId=3587387683244292312, storeVersion=15250506225055238, upgradeTime=1459827335580, upgradeId=1}
2016-04-05 03:35:38.748+0000 INFO  [o.n.k.i.DiagnosticsManager] Kernel version: 2.3.3
2016-04-05 03:35:38.748+0000 INFO  [o.n.k.i.DiagnosticsManager] --- STARTED diagnostics for KernelDiagnostics:Versions END ---
2016-04-05 03:35:38.750+0000 INFO  [o.n.k.i.DiagnosticsManager] --- STARTED diagnostics for NEO_STORE_VERSIONS START ---
2016-04-05 03:35:38.750+0000 INFO  [o.n.k.i.DiagnosticsManager] Store versions:
2016-04-05 03:35:38.750+0000 INFO  [o.n.k.i.DiagnosticsManager] Store versions:
2016-04-05 03:35:38.750+0000 INFO  [o.n.k.i.DiagnosticsManager] ArrayPropertyStore v0.A.6
2016-04-05 03:35:38.751+0000 INFO  [o.n.k.i.DiagnosticsManager] NodeStore v0.A.6
2016-04-05 03:35:38.751+0000 INFO  [o.n.k.i.DiagnosticsManager] StringPropertyStore v0.A.6
2016-04-05 03:35:38.751+0000 INFO  [o.n.k.i.DiagnosticsManager] PropertyIndexStore v0.A.6
2016-04-05 03:35:38.752+0000 INFO  [o.n.k.i.DiagnosticsManager] StringPropertyStore v0.A.6
2016-04-05 03:35:38.752+0000 INFO  [o.n.k.i.DiagnosticsManager] ArrayPropertyStore v0.A.6
2016-04-05 03:35:38.752+0000 INFO  [o.n.k.i.DiagnosticsManager] PropertyStore v0.A.6
2016-04-05 03:35:38.752+0000 INFO  [o.n.k.i.DiagnosticsManager] RelationshipStore v0.A.6
2016-04-05 03:35:38.753+0000 INFO  [o.n.k.i.DiagnosticsManager] StringPropertyStore v0.A.6
2016-04-05 03:35:38.753+0000 INFO  [o.n.k.i.DiagnosticsManager] RelationshipTypeStore v0.A.6
2016-04-05 03:35:38.753+0000 INFO  [o.n.k.i.DiagnosticsManager] StringPropertyStore v0.A.6
2016-04-05 03:35:38.753+0000 INFO  [o.n.k.i.DiagnosticsManager] LabelTokenStore v0.A.6
2016-04-05 03:35:38.754+0000 INFO  [o.n.k.i.DiagnosticsManager] SchemaStore v0.A.6
2016-04-05 03:35:38.754+0000 INFO  [o.n.k.i.DiagnosticsManager] RelationshipGroupStore v0.A.6
2016-04-05 03:35:38.754+0000 INFO  [o.n.k.i.DiagnosticsManager] NeoStore v0.A.6
2016-04-05 03:35:38.754+0000 INFO  [o.n.k.i.DiagnosticsManager] --- STARTED diagnostics for NEO_STORE_VERSIONS END ---
2016-04-05 03:35:38.755+0000 INFO  [o.n.k.i.DiagnosticsManager] --- STARTED diagnostics for NEO_STORE_ID_USAGE START ---
2016-04-05 03:35:38.755+0000 INFO  [o.n.k.i.DiagnosticsManager] Id usage:
2016-04-05 03:35:38.755+0000 INFO  [o.n.k.i.DiagnosticsManager] Id usage:
2016-04-05 03:35:38.756+0000 INFO  [o.n.k.i.DiagnosticsManager]   ArrayPropertyStore v0.A.6: used=1 high=0
2016-04-05 03:35:38.756+0000 INFO  [o.n.k.i.DiagnosticsManager]   NodeStore v0.A.6: used=0 high=-1
2016-04-05 03:35:38.756+0000 INFO  [o.n.k.i.DiagnosticsManager]   StringPropertyStore v0.A.6: used=1 high=0
2016-04-05 03:35:38.756+0000 INFO  [o.n.k.i.DiagnosticsManager]   PropertyIndexStore v0.A.6: used=0 high=-1
2016-04-05 03:35:38.757+0000 INFO  [o.n.k.i.DiagnosticsManager]   StringPropertyStore v0.A.6: used=1 high=0
2016-04-05 03:35:38.757+0000 INFO  [o.n.k.i.DiagnosticsManager]   ArrayPropertyStore v0.A.6: used=1 high=0
2016-04-05 03:35:38.757+0000 INFO  [o.n.k.i.DiagnosticsManager]   PropertyStore v0.A.6: used=0 high=-1
2016-04-05 03:35:38.757+0000 INFO  [o.n.k.i.DiagnosticsManager]   RelationshipStore v0.A.6: used=0 high=-1
2016-04-05 03:35:38.758+0000 INFO  [o.n.k.i.DiagnosticsManager]   StringPropertyStore v0.A.6: used=1 high=0
2016-04-05 03:35:38.758+0000 INFO  [o.n.k.i.DiagnosticsManager]   RelationshipTypeStore v0.A.6: used=0 high=-1
2016-04-05 03:35:38.758+0000 INFO  [o.n.k.i.DiagnosticsManager]   StringPropertyStore v0.A.6: used=1 high=0
2016-04-05 03:35:38.758+0000 INFO  [o.n.k.i.DiagnosticsManager]   LabelTokenStore v0.A.6: used=0 high=-1
2016-04-05 03:35:38.758+0000 INFO  [o.n.k.i.DiagnosticsManager]   SchemaStore v0.A.6: used=1 high=0
2016-04-05 03:35:38.759+0000 INFO  [o.n.k.i.DiagnosticsManager]   RelationshipGroupStore v0.A.6: used=1 high=0
2016-04-05 03:35:38.759+0000 INFO  [o.n.k.i.DiagnosticsManager]   NeoStore v0.A.6: used=13 high=12
2016-04-05 03:35:38.759+0000 INFO  [o.n.k.i.DiagnosticsManager] --- STARTED diagnostics for NEO_STORE_ID_USAGE END ---
2016-04-05 03:35:38.759+0000 INFO  [o.n.k.i.DiagnosticsManager] --- STARTED diagnostics for NEO_STORE_RECORDS START ---
2016-04-05 03:35:38.759+0000 INFO  [o.n.k.i.DiagnosticsManager] Neostore records:
2016-04-05 03:35:38.760+0000 INFO  [o.n.k.i.DiagnosticsManager] TIME (Creation time): 1459827335580
2016-04-05 03:35:38.760+0000 INFO  [o.n.k.i.DiagnosticsManager] RANDOM_NUMBER (Random number for store id): 3587387683244292312
2016-04-05 03:35:38.760+0000 INFO  [o.n.k.i.DiagnosticsManager] LOG_VERSION (Current log version): 0
2016-04-05 03:35:38.761+0000 INFO  [o.n.k.i.DiagnosticsManager] LAST_TRANSACTION_ID (Last committed transaction): 1
2016-04-05 03:35:38.761+0000 INFO  [o.n.k.i.DiagnosticsManager] STORE_VERSION (Store format version): 15250506225055238
2016-04-05 03:35:38.761+0000 INFO  [o.n.k.i.DiagnosticsManager] FIRST_GRAPH_PROPERTY (First property record containing graph properties): -1
2016-04-05 03:35:38.761+0000 INFO  [o.n.k.i.DiagnosticsManager] LAST_CONSTRAINT_TRANSACTION (Last committed transaction containing constraint changes): 0
2016-04-05 03:35:38.761+0000 INFO  [o.n.k.i.DiagnosticsManager] UPGRADE_TRANSACTION_ID (Transaction id most recent upgrade was performed at): 1
2016-04-05 03:35:38.761+0000 INFO  [o.n.k.i.DiagnosticsManager] UPGRADE_TIME (Time of last upgrade): 1459827335580
2016-04-05 03:35:38.762+0000 INFO  [o.n.k.i.DiagnosticsManager] LAST_TRANSACTION_CHECKSUM (Checksum of last committed transaction): 0
2016-04-05 03:35:38.762+0000 INFO  [o.n.k.i.DiagnosticsManager] UPGRADE_TRANSACTION_CHECKSUM (Checksum of transaction id the most recent upgrade was performed at): 0
2016-04-05 03:35:38.762+0000 INFO  [o.n.k.i.DiagnosticsManager] LAST_CLOSED_TRANSACTION_LOG_VERSION (Log version where the last transaction commit entry has been written into): 0
2016-04-05 03:35:38.762+0000 INFO  [o.n.k.i.DiagnosticsManager] LAST_CLOSED_TRANSACTION_LOG_BYTE_OFFSET (Byte offset in the log file where the last transaction commit entry has been written into): 16
2016-04-05 03:35:38.762+0000 INFO  [o.n.k.i.DiagnosticsManager] --- STARTED diagnostics for NEO_STORE_RECORDS END ---
2016-04-05 03:35:38.762+0000 INFO  [o.n.k.i.DiagnosticsManager] --- STARTED diagnostics for TRANSACTION_RANGE START ---
2016-04-05 03:35:38.763+0000 INFO  [o.n.k.i.DiagnosticsManager] Transaction log:
2016-04-05 03:35:38.764+0000 INFO  [o.n.k.i.DiagnosticsManager] No transactions found in any log
2016-04-05 03:35:38.764+0000 INFO  [o.n.k.i.DiagnosticsManager] --- STARTED diagnostics for TRANSACTION_RANGE END ---
2016-04-05 03:35:38.765+0000 INFO  [o.n.k.i.DiagnosticsManager] --- STARTED diagnostics for KernelDiagnostics:StoreFiles START ---
2016-04-05 03:35:38.768+0000 INFO  [o.n.k.i.DiagnosticsManager] Disk space on partition (Total / Free / Free %): 214799740928 / 53228769280 / 24
Storage files: (filename : modification date - size)
2016-04-05 03:35:38.776+0000 INFO  [o.n.k.i.DiagnosticsManager]   dbms:
2016-04-05 03:35:38.776+0000 INFO  [o.n.k.i.DiagnosticsManager]     ssl:
2016-04-05 03:35:38.777+0000 INFO  [o.n.k.i.DiagnosticsManager]       snakeoil.cert: 2016-04-05T00:35:31-0300 - 642,00 B
2016-04-05 03:35:38.778+0000 INFO  [o.n.k.i.DiagnosticsManager]       snakeoil.key: 2016-04-05T00:35:31-0300 - 928,00 B
2016-04-05 03:35:38.778+0000 INFO  [o.n.k.i.DiagnosticsManager]     - Total: 2016-04-05T00:35:31-0300 - 1,53 kB
2016-04-05 03:35:38.778+0000 INFO  [o.n.k.i.DiagnosticsManager]   - Total: 2016-04-05T00:35:31-0300 - 1,53 kB
2016-04-05 03:35:38.779+0000 INFO  [o.n.k.i.DiagnosticsManager]   index:
2016-04-05 03:35:38.779+0000 INFO  [o.n.k.i.DiagnosticsManager]   - Total: 2016-04-05T00:35:35-0300 - 0,00 B
2016-04-05 03:35:38.779+0000 INFO  [o.n.k.i.DiagnosticsManager]   messages.log: 2016-04-05T00:35:37-0300 - 28,71 kB
2016-04-05 03:35:38.780+0000 INFO  [o.n.k.i.DiagnosticsManager]   neo4j.properties: 2016-04-05T00:35:29-0300 - 1,30 kB
2016-04-05 03:35:38.780+0000 INFO  [o.n.k.i.DiagnosticsManager]   neostore: 2016-04-05T00:35:35-0300 - 8,00 kB
2016-04-05 03:35:38.781+0000 INFO  [o.n.k.i.DiagnosticsManager]   neostore.counts.db.a: 2016-04-05T00:35:36-0300 - 96,00 B
2016-04-05 03:35:38.781+0000 INFO  [o.n.k.i.DiagnosticsManager]   neostore.id: 2016-04-05T00:35:35-0300 - 9,00 B
2016-04-05 03:35:38.782+0000 INFO  [o.n.k.i.DiagnosticsManager]   neostore.labeltokenstore.db: 2016-04-05T00:35:35-0300 - 0,00 B
2016-04-05 03:35:38.782+0000 INFO  [o.n.k.i.DiagnosticsManager]   neostore.labeltokenstore.db.id: 2016-04-05T00:35:35-0300 - 9,00 B
2016-04-05 03:35:38.783+0000 INFO  [o.n.k.i.DiagnosticsManager]   neostore.labeltokenstore.db.names: 2016-04-05T00:35:34-0300 - 8,00 kB
2016-04-05 03:35:38.783+0000 INFO  [o.n.k.i.DiagnosticsManager]   neostore.labeltokenstore.db.names.id: 2016-04-05T00:35:35-0300 - 9,00 B
2016-04-05 03:35:38.784+0000 INFO  [o.n.k.i.DiagnosticsManager]   neostore.nodestore.db: 2016-04-05T00:35:33-0300 - 0,00 B
2016-04-05 03:35:38.784+0000 INFO  [o.n.k.i.DiagnosticsManager]   neostore.nodestore.db.id: 2016-04-05T00:35:33-0300 - 9,00 B
2016-04-05 03:35:38.784+0000 INFO  [o.n.k.i.DiagnosticsManager]   neostore.nodestore.db.labels: 2016-04-05T00:35:33-0300 - 8,00 kB
2016-04-05 03:35:38.785+0000 INFO  [o.n.k.i.DiagnosticsManager]   neostore.nodestore.db.labels.id: 2016-04-05T00:35:33-0300 - 9,00 B
2016-04-05 03:35:38.785+0000 INFO  [o.n.k.i.DiagnosticsManager]   neostore.propertystore.db: 2016-04-05T00:35:34-0300 - 0,00 B
2016-04-05 03:35:38.786+0000 INFO  [o.n.k.i.DiagnosticsManager]   neostore.propertystore.db.arrays: 2016-04-05T00:35:34-0300 - 8,00 kB
2016-04-05 03:35:38.786+0000 INFO  [o.n.k.i.DiagnosticsManager]   neostore.propertystore.db.arrays.id: 2016-04-05T00:35:34-0300 - 9,00 B
2016-04-05 03:35:38.787+0000 INFO  [o.n.k.i.DiagnosticsManager]   neostore.propertystore.db.id: 2016-04-05T00:35:34-0300 - 9,00 B
2016-04-05 03:35:38.787+0000 INFO  [o.n.k.i.DiagnosticsManager]   neostore.propertystore.db.index: 2016-04-05T00:35:34-0300 - 0,00 B
2016-04-05 03:35:38.787+0000 INFO  [o.n.k.i.DiagnosticsManager]   neostore.propertystore.db.index.id: 2016-04-05T00:35:34-0300 - 9,00 B
2016-04-05 03:35:38.788+0000 INFO  [o.n.k.i.DiagnosticsManager]   neostore.propertystore.db.index.keys: 2016-04-05T00:35:34-0300 - 8,00 kB
2016-04-05 03:35:38.788+0000 INFO  [o.n.k.i.DiagnosticsManager]   neostore.propertystore.db.index.keys.id: 2016-04-05T00:35:34-0300 - 9,00 B
2016-04-05 03:35:38.789+0000 INFO  [o.n.k.i.DiagnosticsManager]   neostore.propertystore.db.strings: 2016-04-05T00:35:34-0300 - 8,00 kB
2016-04-05 03:35:38.789+0000 INFO  [o.n.k.i.DiagnosticsManager]   neostore.propertystore.db.strings.id: 2016-04-05T00:35:34-0300 - 9,00 B
2016-04-05 03:35:38.790+0000 INFO  [o.n.k.i.DiagnosticsManager]   neostore.relationshipgroupstore.db: 2016-04-05T00:35:35-0300 - 8,00 kB
2016-04-05 03:35:38.790+0000 INFO  [o.n.k.i.DiagnosticsManager]   neostore.relationshipgroupstore.db.id: 2016-04-05T00:35:35-0300 - 9,00 B
2016-04-05 03:35:38.790+0000 INFO  [o.n.k.i.DiagnosticsManager]   neostore.relationshipstore.db: 2016-04-05T00:35:34-0300 - 0,00 B
2016-04-05 03:35:38.791+0000 INFO  [o.n.k.i.DiagnosticsManager]   neostore.relationshipstore.db.id: 2016-04-05T00:35:34-0300 - 9,00 B
2016-04-05 03:35:38.791+0000 INFO  [o.n.k.i.DiagnosticsManager]   neostore.relationshiptypestore.db: 2016-04-05T00:35:34-0300 - 0,00 B
2016-04-05 03:35:38.792+0000 INFO  [o.n.k.i.DiagnosticsManager]   neostore.relationshiptypestore.db.id: 2016-04-05T00:35:34-0300 - 9,00 B
2016-04-05 03:35:38.792+0000 INFO  [o.n.k.i.DiagnosticsManager]   neostore.relationshiptypestore.db.names: 2016-04-05T00:35:34-0300 - 8,00 kB
2016-04-05 03:35:38.793+0000 INFO  [o.n.k.i.DiagnosticsManager]   neostore.relationshiptypestore.db.names.id: 2016-04-05T00:35:34-0300 - 9,00 B
2016-04-05 03:35:38.793+0000 INFO  [o.n.k.i.DiagnosticsManager]   neostore.schemastore.db: 2016-04-05T00:35:35-0300 - 8,00 kB
2016-04-05 03:35:38.794+0000 INFO  [o.n.k.i.DiagnosticsManager]   neostore.schemastore.db.id: 2016-04-05T00:35:35-0300 - 9,00 B
2016-04-05 03:35:38.794+0000 INFO  [o.n.k.i.DiagnosticsManager]   neostore.transaction.db.0: 2016-04-05T00:35:36-0300 - 16,00 B
2016-04-05 03:35:38.794+0000 INFO  [o.n.k.i.DiagnosticsManager]   schema:
2016-04-05 03:35:38.795+0000 INFO  [o.n.k.i.DiagnosticsManager]     label:
2016-04-05 03:35:38.795+0000 INFO  [o.n.k.i.DiagnosticsManager]       lucene:
2016-04-05 03:35:38.796+0000 INFO  [o.n.k.i.DiagnosticsManager]         write.lock: 2016-04-05T00:35:36-0300 - 0,00 B
2016-04-05 03:35:38.796+0000 INFO  [o.n.k.i.DiagnosticsManager]       - Total: 2016-04-05T00:35:36-0300 - 0,00 B
2016-04-05 03:35:38.796+0000 INFO  [o.n.k.i.DiagnosticsManager]     - Total: 2016-04-05T00:35:36-0300 - 0,00 B
2016-04-05 03:35:38.797+0000 INFO  [o.n.k.i.DiagnosticsManager]   - Total: 2016-04-05T00:35:35-0300 - 0,00 B
2016-04-05 03:35:38.797+0000 INFO  [o.n.k.i.DiagnosticsManager]   store_lock: 2016-04-05T00:35:33-0300 - 0,00 B
2016-04-05 03:35:38.797+0000 INFO  [o.n.k.i.DiagnosticsManager] --- STARTED diagnostics for KernelDiagnostics:StoreFiles END ---
2016-04-05 03:35:44.141+0000 INFO  [o.n.k.i.DiagnosticsManager] --- SERVER STARTED START ---
2016-04-05 03:35:47.240+0000 INFO  [o.n.k.i.DiagnosticsManager] --- SERVER STARTED END ---
2016-04-05 03:36:09.260+0000 INFO  [o.n.k.i.f.GraphDatabaseFacade] Shutdown started
2016-04-05 03:36:09.261+0000 INFO  [o.n.k.i.f.CommunityFacadeFactory] Database is now unavailable
2016-04-05 03:36:09.338+0000 INFO  [o.n.k.i.t.l.c.CheckPointerImpl] Check Pointing triggered by database shutdown [1]:  Starting check pointing...
2016-04-05 03:36:09.338+0000 INFO  [o.n.k.i.t.l.c.CheckPointerImpl] Check Pointing triggered by database shutdown [1]:  Starting store flush...
2016-04-05 03:36:09.359+0000 INFO  [o.n.k.i.t.l.c.CheckPointerImpl] Check Pointing triggered by database shutdown [1]:  Store flush completed
2016-04-05 03:36:09.359+0000 INFO  [o.n.k.i.t.l.c.CheckPointerImpl] Check Pointing triggered by database shutdown [1]:  Starting appending check point entry into the tx log...
2016-04-05 03:36:09.404+0000 INFO  [o.n.k.i.t.l.c.CheckPointerImpl] Check Pointing triggered by database shutdown [1]:  Appending check point entry into the tx log completed
2016-04-05 03:36:09.404+0000 INFO  [o.n.k.i.t.l.c.CheckPointerImpl] Check Pointing triggered by database shutdown [1]:  Check pointing completed
2016-04-05 03:36:09.404+0000 INFO  [o.n.k.i.t.l.p.LogPruningImpl] Log Rotation [0]:  Starting log pruning.
2016-04-05 03:36:09.405+0000 INFO  [o.n.k.i.t.l.p.LogPruningImpl] Log Rotation [0]:  Log pruning complete.
2016-04-05 03:36:10.181+0000 INFO  [o.n.k.NeoStoreDataSource] NeoStores closed
2016-04-05 03:36:10.182+0000 INFO  [o.n.k.i.DiagnosticsManager] --- STOPPING diagnostics START ---
2016-04-05 03:36:10.182+0000 INFO  [o.n.k.i.DiagnosticsManager] --- STOPPING diagnostics END ---
